2019-08-18 14:48:09.417  INFO 26408 --- [restartedMain] com.michael.hdujwc.FuckrssApplication   : Starting FuckrssApplication on DESKTOP-MT0F3HU with PID 26408 (D:\IdeaProject\fuckrss\target\classes started by michael in D:\IdeaProject\fuckrss)
2019-08-18 14:48:09.419  INFO 26408 --- [restartedMain] com.michael.hdujwc.FuckrssApplication   : No active profile set, falling back to default profiles: default
2019-08-18 14:48:09.454  INFO 26408 --- [restartedMain] .e.DevToolsPropertyDefaultsPostProcessor : Devtools property defaults active! Set 'spring.devtools.add-properties' to 'false' to disable
2019-08-18 14:48:09.454  INFO 26408 --- [restartedMain] .e.DevToolsPropertyDefaultsPostProcessor : For additional web related logging consider setting the 'logging.level.web' property to 'DEBUG'
2019-08-18 14:48:10.264  INFO 26408 --- [restartedMain] trationDelegate$BeanPostProcessorChecker : Bean 'org.springframework.ws.config.annotation.DelegatingWsConfiguration' of type [org.springframework.ws.config.annotation.DelegatingWsConfiguration$$EnhancerBySpringCGLIB$$5dc827ea] is not eligible for getting processed by all BeanPostProcessors (for example: not eligible for auto-proxying)
2019-08-18 14:48:10.289  INFO 26408 --- [restartedMain] .w.s.a.s.AnnotationActionEndpointMapping : Supporting [WS-Addressing August 2004, WS-Addressing 1.0]
2019-08-18 14:48:10.556  INFO 26408 --- [restartedMain] o.s.b.w.embedded.tomcat.TomcatWebServer  : Tomcat initialized with port(s): 5000 (http)
2019-08-18 14:48:10.570  INFO 26408 --- [restartedMain] o.apache.catalina.core.StandardService   : Starting service [Tomcat]
2019-08-18 14:48:10.570  INFO 26408 --- [restartedMain] org.apache.catalina.core.StandardEngine  : Starting Servlet engine: [Apache Tomcat/9.0.22]
2019-08-18 14:48:10.652  INFO 26408 --- [restartedMain] o.a.c.c.C.[Tomcat].[localhost].[/]       : Initializing Spring embedded WebApplicationContext
2019-08-18 14:48:10.652  INFO 26408 --- [restartedMain] o.s.web.context.ContextLoader            : Root WebApplicationContext: initialization completed in 1165 ms
2019-08-18 14:48:11.016  INFO 26408 --- [restartedMain] o.s.s.concurrent.ThreadPoolTaskExecutor  : Initializing ExecutorService 'applicationTaskExecutor'
2019-08-18 14:48:11.057  INFO 26408 --- [restartedMain] o.s.b.a.w.s.WelcomePageHandlerMapping    : Adding welcome page: class path resource [static/index.html]
2019-08-18 14:48:11.168  INFO 26408 --- [restartedMain] o.s.s.c.ThreadPoolTaskScheduler          : Initializing ExecutorService 'taskScheduler'
2019-08-18 14:48:11.218  INFO 26408 --- [restartedMain] o.s.b.d.a.OptionalLiveReloadServer       : LiveReload server is running on port 35729
2019-08-18 14:48:11.265  INFO 26408 --- [restartedMain] o.s.b.w.embedded.tomcat.TomcatWebServer  : Tomcat started on port(s): 5000 (http) with context path ''
2019-08-18 14:48:11.268  INFO 26408 --- [restartedMain] com.michael.hdujwc.FuckrssApplication   : Started FuckrssApplication in 2.221 seconds (JVM running for 3.026)
2019-08-18 14:48:20.959  INFO 26408 --- [http-nio-5000-exec-1] o.a.c.c.C.[Tomcat].[localhost].[/]       : Initializing Spring DispatcherServlet 'dispatcherServlet'
2019-08-18 14:48:20.959  INFO 26408 --- [http-nio-5000-exec-1] o.s.web.servlet.DispatcherServlet        : Initializing Servlet 'dispatcherServlet'
2019-08-18 14:48:20.965  INFO 26408 --- [http-nio-5000-exec-1] o.s.web.servlet.DispatcherServlet        : Completed initialization in 6 ms
2019-08-18 14:48:23.332  INFO 26408 --- [http-nio-5000-exec-5] com.alibaba.druid.pool.DruidDataSource   : {dataSource-1} inited
2019-08-18 14:48:55.419  INFO 20588 --- [restartedMain] com.michael.hdujwc.FuckrssApplication   : Starting FuckrssApplication on DESKTOP-MT0F3HU with PID 20588 (D:\IdeaProject\fuckrss\target\classes started by michael in D:\IdeaProject\fuckrss)
2019-08-18 14:48:55.421  INFO 20588 --- [restartedMain] com.michael.hdujwc.FuckrssApplication   : No active profile set, falling back to default profiles: default
2019-08-18 14:48:55.473  INFO 20588 --- [restartedMain] .e.DevToolsPropertyDefaultsPostProcessor : Devtools property defaults active! Set 'spring.devtools.add-properties' to 'false' to disable
2019-08-18 14:48:55.473  INFO 20588 --- [restartedMain] .e.DevToolsPropertyDefaultsPostProcessor : For additional web related logging consider setting the 'logging.level.web' property to 'DEBUG'
2019-08-18 14:48:56.446  INFO 20588 --- [restartedMain] trationDelegate$BeanPostProcessorChecker : Bean 'org.springframework.ws.config.annotation.DelegatingWsConfiguration' of type [org.springframework.ws.config.annotation.DelegatingWsConfiguration$$EnhancerBySpringCGLIB$$b4e386d7] is not eligible for getting processed by all BeanPostProcessors (for example: not eligible for auto-proxying)
2019-08-18 14:48:56.468  INFO 20588 --- [restartedMain] .w.s.a.s.AnnotationActionEndpointMapping : Supporting [WS-Addressing August 2004, WS-Addressing 1.0]
2019-08-18 14:48:56.742  INFO 20588 --- [restartedMain] o.s.b.w.embedded.tomcat.TomcatWebServer  : Tomcat initialized with port(s): 5000 (http)
2019-08-18 14:48:56.759  INFO 20588 --- [restartedMain] o.apache.catalina.core.StandardService   : Starting service [Tomcat]
2019-08-18 14:48:56.759  INFO 20588 --- [restartedMain] org.apache.catalina.core.StandardEngine  : Starting Servlet engine: [Apache Tomcat/9.0.22]
2019-08-18 14:48:56.848  INFO 20588 --- [restartedMain] o.a.c.c.C.[Tomcat].[localhost].[/]       : Initializing Spring embedded WebApplicationContext
2019-08-18 14:48:56.849  INFO 20588 --- [restartedMain] o.s.web.context.ContextLoader            : Root WebApplicationContext: initialization completed in 1376 ms
2019-08-18 14:48:57.219  INFO 20588 --- [restartedMain] o.s.s.concurrent.ThreadPoolTaskExecutor  : Initializing ExecutorService 'applicationTaskExecutor'
2019-08-18 14:48:57.261  INFO 20588 --- [restartedMain] o.s.b.a.w.s.WelcomePageHandlerMapping    : Adding welcome page: class path resource [static/index.html]
2019-08-18 14:48:57.370  INFO 20588 --- [restartedMain] o.s.s.c.ThreadPoolTaskScheduler          : Initializing ExecutorService 'taskScheduler'
2019-08-18 14:48:57.420  INFO 20588 --- [restartedMain] o.s.b.d.a.OptionalLiveReloadServer       : LiveReload server is running on port 35729
2019-08-18 14:48:57.460  INFO 20588 --- [restartedMain] o.s.b.w.embedded.tomcat.TomcatWebServer  : Tomcat started on port(s): 5000 (http) with context path ''
2019-08-18 14:48:57.463  INFO 20588 --- [restartedMain] com.michael.hdujwc.FuckrssApplication   : Started FuckrssApplication in 2.37 seconds (JVM running for 3.212)
2019-08-18 14:50:39.776  INFO 540 --- [restartedMain] com.michael.hdujwc.FuckrssApplication   : Starting FuckrssApplication on DESKTOP-MT0F3HU with PID 540 (D:\IdeaProject\fuckrss\target\classes started by michael in D:\IdeaProject\fuckrss)
2019-08-18 14:50:39.779  INFO 540 --- [restartedMain] com.michael.hdujwc.FuckrssApplication   : No active profile set, falling back to default profiles: default
2019-08-18 14:50:39.830  INFO 540 --- [restartedMain] .e.DevToolsPropertyDefaultsPostProcessor : Devtools property defaults active! Set 'spring.devtools.add-properties' to 'false' to disable
2019-08-18 14:50:39.830  INFO 540 --- [restartedMain] .e.DevToolsPropertyDefaultsPostProcessor : For additional web related logging consider setting the 'logging.level.web' property to 'DEBUG'
2019-08-18 14:50:40.663  INFO 540 --- [restartedMain] trationDelegate$BeanPostProcessorChecker : Bean 'org.springframework.ws.config.annotation.DelegatingWsConfiguration' of type [org.springframework.ws.config.annotation.DelegatingWsConfiguration$$EnhancerBySpringCGLIB$$74ad12a0] is not eligible for getting processed by all BeanPostProcessors (for example: not eligible for auto-proxying)
2019-08-18 14:50:40.681  INFO 540 --- [restartedMain] .w.s.a.s.AnnotationActionEndpointMapping : Supporting [WS-Addressing August 2004, WS-Addressing 1.0]
2019-08-18 14:50:40.928  INFO 540 --- [restartedMain] o.s.b.w.embedded.tomcat.TomcatWebServer  : Tomcat initialized with port(s): 5000 (http)
2019-08-18 14:50:40.943  INFO 540 --- [restartedMain] o.apache.catalina.core.StandardService   : Starting service [Tomcat]
2019-08-18 14:50:40.944  INFO 540 --- [restartedMain] org.apache.catalina.core.StandardEngine  : Starting Servlet engine: [Apache Tomcat/9.0.22]
2019-08-18 14:50:41.037  INFO 540 --- [restartedMain] o.a.c.c.C.[Tomcat].[localhost].[/]       : Initializing Spring embedded WebApplicationContext
2019-08-18 14:50:41.037  INFO 540 --- [restartedMain] o.s.web.context.ContextLoader            : Root WebApplicationContext: initialization completed in 1207 ms
2019-08-18 14:50:41.391  INFO 540 --- [restartedMain] o.s.s.concurrent.ThreadPoolTaskExecutor  : Initializing ExecutorService 'applicationTaskExecutor'
2019-08-18 14:50:41.430  INFO 540 --- [restartedMain] o.s.b.a.w.s.WelcomePageHandlerMapping    : Adding welcome page: class path resource [static/index.html]
2019-08-18 14:50:41.537  INFO 540 --- [restartedMain] o.s.s.c.ThreadPoolTaskScheduler          : Initializing ExecutorService 'taskScheduler'
2019-08-18 14:50:41.586  INFO 540 --- [restartedMain] o.s.b.d.a.OptionalLiveReloadServer       : LiveReload server is running on port 35729
2019-08-18 14:50:41.628  INFO 540 --- [restartedMain] o.s.b.w.embedded.tomcat.TomcatWebServer  : Tomcat started on port(s): 5000 (http) with context path ''
2019-08-18 14:50:41.631  INFO 540 --- [restartedMain] com.michael.hdujwc.FuckrssApplication   : Started FuckrssApplication in 2.208 seconds (JVM running for 3.025)
